<?xml version="1.0" encoding="utf-8"?><testsuites name="pytest tests"><testsuite name="pytest" errors="0" failures="1" skipped="0" tests="26" time="4.641" timestamp="2026-04-28T19:00:16.540506+00:00" hostname="agent-env-0cc50081-481d-4f3c-9f65-089ad0963652"><testcase classname="test_swastik_api.TestAuth" name="test_login_success" time="1.011" /><testcase classname="test_swastik_api.TestAuth" name="test_login_bad_password" time="0.277" /><testcase classname="test_swastik_api.TestAuth" name="test_me_without_token" time="0.146" /><testcase classname="test_swastik_api.TestAuth" name="test_me_with_token" time="0.337" /><testcase classname="test_swastik_api.TestRooms" name="test_rooms_list_and_pricing" time="0.055" /><testcase classname="test_swastik_api.TestRooms" name="test_rooms_requires_auth" time="0.106" /><testcase classname="test_swastik_api.TestBookings" name="test_a_create_booking_invalid_room" time="0.052" /><testcase classname="test_swastik_api.TestBookings" name="test_b_create_booking_rate_below_base" time="0.047" /><testcase classname="test_swastik_api.TestBookings" name="test_c_create_booking_rate_not_increment" time="0.046" /><testcase classname="test_swastik_api.TestBookings" name="test_d_create_booking_invalid_duration" time="0.046" /><testcase classname="test_swastik_api.TestBookings" name="test_e_create_booking_success_non_ac" time="0.101" /><testcase classname="test_swastik_api.TestBookings" name="test_f_duplicate_room_blocked" time="0.047" /><testcase classname="test_swastik_api.TestBookings" name="test_g_create_ac_booking_with_increment" time="0.105" /><testcase classname="test_swastik_api.TestBookings" name="test_h_list_active" time="0.049" /><testcase classname="test_swastik_api.TestBookings" name="test_i_get_booking_detail_has_images" time="0.050" /><testcase classname="test_swastik_api.TestBookings" name="test_j_search_by_name" time="0.049" /><testcase classname="test_swastik_api.TestBookings" name="test_k_search_by_aadhar" time="0.049" /><testcase classname="test_swastik_api.TestBookings" name="test_l_search_by_phone" time="0.051" /><testcase classname="test_swastik_api.TestBookings" name="test_m_history_by_aadhar_partner" time="0.048" /><testcase classname="test_swastik_api.TestBookings" name="test_n_checkout_booking" time="0.170" /><testcase classname="test_swastik_api.TestBookings" name="test_o_duplicate_aadhar_different_room_allowed" time="0.108" /><testcase classname="test_swastik_api.TestBookings" name="test_p_completed_filter" time="0.047" /><testcase classname="test_swastik_api.TestBookings" name="test_q_get_404" time="0.837" /><testcase classname="test_swastik_api.TestWebSocket" name="test_ws_no_token_rejected" time="0.163" /><testcase classname="test_swastik_api.TestWebSocket" name="test_ws_invalid_token_rejected" time="0.159"><failure message="AssertionError: got 'server rejected WebSocket connection: HTTP 403'&#10;assert ('server rejected WebSocket connection: HTTP 403' == 4401 or '4401' in 'server rejected WebSocket connection: HTTP 403')&#10; +  where 'server rejected WebSocket connection: HTTP 403' = str('server rejected WebSocket connection: HTTP 403')">test_swastik_api.py:294: in test_ws_invalid_token_rejected
    assert result == 4401 or "4401" in str(result), f"got {result!r}"
E   AssertionError: got 'server rejected WebSocket connection: HTTP 403'
E   assert ('server rejected WebSocket connection: HTTP 403' == 4401 or '4401' in 'server rejected WebSocket connection: HTTP 403')
E    +  where 'server rejected WebSocket connection: HTTP 403' = str('server rejected WebSocket connection: HTTP 403')</failure></testcase><testcase classname="test_swastik_api.TestWebSocket" name="test_ws_broadcast_on_create" time="0.406" /></testsuite></testsuites>